#
# There is insufficient memory for the Java Runtime Environment to continue.
# Native memory allocation (malloc) failed to allocate 36784 bytes for Chunk::new
# Possible reasons:
#   The system is out of physical RAM or swap space
#   The process is running with CompressedOops enabled, and the Java Heap may be blocking the growth of the native heap
# Possible solutions:
#   Reduce memory load on the system
#   Increase physical memory or swap space
#   Check if swap backing store is full
#   Decrease Java heap size (-Xmx/-Xms)
#   Decrease number of Java threads
#   Decrease Java thread stack sizes (-Xss)
#   Set larger code cache with -XX:ReservedCodeCacheSize=
#   JVM is running with Unscaled Compressed Oops mode in which the Java heap is
#     placed in the first 4GB address space. The Java Heap base address is the
#     maximum limit for the native heap growth. Please use -XX:HeapBaseMinAddress
#     to set the Java Heap base and to place the Java Heap above 4GB virtual address.
# This output file may be truncated or incomplete.
#
#  Out of Memory Error (allocation.cpp:389), pid=15452, tid=0x00000000000037a0
#
# JRE version: Java(TM) SE Runtime Environment (8.0_212-b10) (build 1.8.0_212-b10)
# Java VM: Java HotSpot(TM) 64-Bit Server VM (25.212-b10 mixed mode windows-amd64 compressed oops)
# Failed to write core dump. Minidumps are not enabled by default on client versions of Windows
#

---------------  T H R E A D  ---------------

Current thread (0x0000000002ad7000):  JavaThread "main" [_thread_in_native, id=14240, stack(0x0000000002820000,0x0000000002920000)]

Stack: [0x0000000002820000,0x0000000002920000]
[error occurred during error reporting (printing stack bounds), id 0xc0000005]

Native frames: (J=compiled Java code, j=interpreted, Vv=VM code, C=native code)

Java frames: (J=compiled Java code, j=interpreted, Vv=VM code)
j  java.lang.ClassLoader.findBootstrapClass(Ljava/lang/String;)Ljava/lang/Class;+0
J 512 C1 java.lang.ClassLoader.loadClass(Ljava/lang/String;Z)Ljava/lang/Class; (122 bytes) @ 0x0000000002d8efbc [0x0000000002d8ed20+0x29c]
J 512 C1 java.lang.ClassLoader.loadClass(Ljava/lang/String;Z)Ljava/lang/Class; (122 bytes) @ 0x0000000002d8ef74 [0x0000000002d8ed20+0x254]
j  sun.misc.Launcher$AppClassLoader.loadClass(Ljava/lang/String;Z)Ljava/lang/Class;+81
j  java.lang.ClassLoader.loadClass(Ljava/lang/String;)Ljava/lang/Class;+3
v  ~StubRoutines::call_stub
j  org.apache.logging.log4j.util.PropertySource$Util.<clinit>()V+2
v  ~StubRoutines::call_stub
j  org.apache.logging.log4j.util.PropertiesUtil$Environment$1.accept(Ljava/lang/String;Ljava/lang/String;)V+16
j  org.apache.logging.log4j.util.PropertiesUtil$Environment$1.accept(Ljava/lang/Object;Ljava/lang/Object;)V+9
j  org.apache.logging.log4j.util.SystemPropertiesPropertySource.forEach(Lorg/apache/logging/log4j/util/BiConsumer;)V+50
j  org.apache.logging.log4j.util.PropertiesUtil$Environment.reload()V+66
j  org.apache.logging.log4j.util.PropertiesUtil$Environment.<init>(Lorg/apache/logging/log4j/util/PropertySource;)V+110
j  org.apache.logging.log4j.util.PropertiesUtil$Environment.<init>(Lorg/apache/logging/log4j/util/PropertySource;Lorg/apache/logging/log4j/util/PropertiesUtil$1;)V+2
j  org.apache.logging.log4j.util.PropertiesUtil.<init>(Ljava/lang/String;)V+18
j  org.apache.logging.log4j.util.PropertiesUtil.<clinit>()V+6
v  ~StubRoutines::call_stub
j  org.apache.logging.log4j.util.Constants.<clinit>()V+0
v  ~StubRoutines::call_stub
j  org.apache.logging.log4j.spi.AbstractLogger.createClassForProperty(Ljava/lang/String;Ljava/lang/Class;Ljava/lang/Class;)Ljava/lang/Class;+0
j  org.apache.logging.log4j.spi.AbstractLogger.<clinit>()V+116
v  ~StubRoutines::call_stub
j  org.apache.logging.log4j.LogManager.<clinit>()V+0
v  ~StubRoutines::call_stub
j  org.apache.commons.logging.LogFactory$Log4jLog.<clinit>()V+14
v  ~StubRoutines::call_stub
j  org.apache.commons.logging.LogFactory$Log4jDelegate.createLog(Ljava/lang/String;)Lorg/apache/commons/logging/Log;+0
j  org.apache.commons.logging.LogFactory.getLog(Ljava/lang/String;)Lorg/apache/commons/logging/Log;+37
j  org.apache.commons.logging.LogFactory.getLog(Ljava/lang/Class;)Lorg/apache/commons/logging/Log;+4
j  org.springframework.boot.SpringApplication.<clinit>()V+2
v  ~StubRoutines::call_stub
j  cn.kgc.helloworld11.Helloworld11Application.main([Ljava/lang/String;)V+3
v  ~StubRoutines::call_stub

---------------  P R O C E S S  ---------------

Java Threads: ( => current thread )
  0x00000000192ab000 JavaThread "RMI TCP Accept-0" daemon [_thread_in_native, id=13936, stack(0x0000000019ce0000,0x0000000019de0000)]
  0x000000001904e000 JavaThread "Service Thread" daemon [_thread_blocked, id=16376, stack(0x0000000019be0000,0x0000000019ce0000)]
  0x0000000019047000 JavaThread "C1 CompilerThread2" daemon [_thread_blocked, id=9816, stack(0x0000000019ae0000,0x0000000019be0000)]
  0x0000000018feb800 JavaThread "C2 CompilerThread1" daemon [_thread_blocked, id=7928, stack(0x00000000199e0000,0x0000000019ae0000)]
  0x0000000018fea000 JavaThread "C2 CompilerThread0" daemon [_thread_blocked, id=2088, stack(0x00000000198e0000,0x00000000199e0000)]
  0x0000000018ddd800 JavaThread "Monitor Ctrl-Break" daemon [_thread_in_native, id=7188, stack(0x00000000197e0000,0x00000000198e0000)]
  0x0000000017691000 JavaThread "Attach Listener" daemon [_thread_blocked, id=11904, stack(0x0000000018ee0000,0x0000000018fe0000)]
  0x0000000018a23800 JavaThread "Signal Dispatcher" daemon [_thread_blocked, id=9892, stack(0x0000000018de0000,0x0000000018ee0000)]
  0x0000000002bca800 JavaThread "Finalizer" daemon [_thread_blocked, id=10540, stack(0x00000000188e0000,0x00000000189e0000)]
  0x0000000002bc7000 JavaThread "Reference Handler" daemon [_thread_blocked, id=15148, stack(0x00000000187e0000,0x00000000188e0000)]
=>0x0000000002ad7000 JavaThread "main" [_thread_in_native, id=14240, stack(0x0000000002820000,0x0000000002920000)]

Other Threads:
  0x0000000017647000 VMThread [stack: 0x00000000186e0000,0x00000000187e0000] [id=9832]
  0x00000000192b3800 WatcherThread [stack: 0x0000000019de0000,0x0000000019ee0000] [id=13440]

VM state:not at safepoint (normal execution)

VM Mutex/Monitor currently owned by a thread: None

heap address: 0x0000000082600000, size: 2010 MB, Compressed Oops mode: 32-bit
Narrow klass base: 0x0000000000000000, Narrow klass shift: 3
Compressed class space size: 1073741824 Address: 0x0000000100000000

Heap:
 PSYoungGen      total 37888K, used 13506K [0x00000000d6200000, 0x00000000d8c00000, 0x0000000100000000)
  eden space 32768K, 41% used [0x00000000d6200000,0x00000000d6f30a18,0x00000000d8200000)
  from space 5120K, 0% used [0x00000000d8700000,0x00000000d8700000,0x00000000d8c00000)
  to   space 5120K, 0% used [0x00000000d8200000,0x00000000d8200000,0x00000000d8700000)
 ParOldGen       total 86016K, used 0K [0x0000000082600000, 0x0000000087a00000, 0x00000000d6200000)
  object space 86016K, 0% used [0x0000000082600000,0x0000000082600000,0x0000000087a00000)
 Metaspace       used 7868K, capacity 8028K, committed 8192K, reserved 1058816K
  class space    used 951K, capacity 994K, committed 1024K, reserved 1048576K

Card table byte_map: [0x0000000011f90000,0x0000000012380000] byte_map_base: 0x0000000011b7d000

Marking Bits: (ParMarkBitMap*) 0x0000000065925ce0
 Begin Bits: [0x0000000012a20000, 0x0000000014988000)
 End Bits:   [0x0000000014988000, 0x00000000168f0000)

Polling page: 0x00000000007d0000

CodeCache: size=245760Kb used=1822Kb max_used=1822Kb free=243937Kb
 bounds [0x0000000002bd0000, 0x0000000002e40000, 0x0000000011bd0000]
 total_blobs=879 nmethods=538 adapters=254
 compilation: enabled

Compilation events (10 events):
Event: 2.331 Thread 0x0000000019047000 nmethod 529 0x0000000002d951d0 code [0x0000000002d95340, 0x0000000002d954a8]
Event: 2.332 Thread 0x0000000019047000  530       1       java.util.zip.ZipCoder::isUTF8 (5 bytes)
Event: 2.332 Thread 0x0000000019047000 nmethod 530 0x0000000002d95550 code [0x0000000002d956a0, 0x0000000002d957b0]
Event: 2.348 Thread 0x0000000019047000  535  s    1       java.lang.StringBuffer::append (13 bytes)
Event: 2.349 Thread 0x0000000019047000 nmethod 535 0x0000000002d96650 code [0x0000000002d967c0, 0x0000000002d96a88]
Event: 2.351 Thread 0x0000000019047000  536       1       java.util.Hashtable::access$500 (5 bytes)
Event: 2.351 Thread 0x0000000019047000 nmethod 536 0x0000000002d96b10 code [0x0000000002d96c60, 0x0000000002d96d50]
Event: 2.351 Thread 0x0000000019047000  537       1       sun.misc.URLClassPath$Loader::getBaseURL (5 bytes)
Event: 2.351 Thread 0x0000000019047000 nmethod 537 0x0000000002d96dd0 code [0x0000000002d96f20, 0x0000000002d97030]
Event: 2.351 Thread 0x0000000019047000  538   !   1       java.util.zip.ZipFile$ZipFileInputStream::close (110 bytes)

GC Heap History (0 events):
No events

Deoptimization events (0 events):
No events

Classes redefined (0 events):
No events

Internal exceptions (10 events):
Event: 1.897 Thread 0x0000000002ad7000 Exception <a 'java/lang/ArrayIndexOutOfBoundsException'> (0x00000000d67b5680) thrown at [C:\re\workspace\8-2-build-windows-amd64-cygwin\jdk8u212\12974\hotspot\src\share\vm\runtime\sharedRuntime.cpp, line 605]
Event: 1.907 Thread 0x0000000002ad7000 Exception <a 'java/lang/ArrayIndexOutOfBoundsException'> (0x00000000d67e22e0) thrown at [C:\re\workspace\8-2-build-windows-amd64-cygwin\jdk8u212\12974\hotspot\src\share\vm\runtime\sharedRuntime.cpp, line 605]
Event: 1.914 Thread 0x0000000002ad7000 Exception <a 'java/lang/ArrayIndexOutOfBoundsException'> (0x00000000d68028c0) thrown at [C:\re\workspace\8-2-build-windows-amd64-cygwin\jdk8u212\12974\hotspot\src\share\vm\runtime\sharedRuntime.cpp, line 605]
Event: 1.933 Thread 0x0000000002ad7000 Exception <a 'java/security/PrivilegedActionException'> (0x00000000d6858da0) thrown at [C:\re\workspace\8-2-build-windows-amd64-cygwin\jdk8u212\12974\hotspot\src\share\vm\prims\jvm.cpp, line 1502]
Event: 1.933 Thread 0x0000000002ad7000 Exception <a 'java/security/PrivilegedActionException'> (0x00000000d6858fb0) thrown at [C:\re\workspace\8-2-build-windows-amd64-cygwin\jdk8u212\12974\hotspot\src\share\vm\prims\jvm.cpp, line 1502]
Event: 1.933 Thread 0x0000000002ad7000 Exception <a 'java/security/PrivilegedActionException'> (0x00000000d685c440) thrown at [C:\re\workspace\8-2-build-windows-amd64-cygwin\jdk8u212\12974\hotspot\src\share\vm\prims\jvm.cpp, line 1502]
Event: 1.933 Thread 0x0000000002ad7000 Exception <a 'java/security/PrivilegedActionException'> (0x00000000d685c650) thrown at [C:\re\workspace\8-2-build-windows-amd64-cygwin\jdk8u212\12974\hotspot\src\share\vm\prims\jvm.cpp, line 1502]
Event: 2.180 Thread 0x0000000002ad7000 Exception <a 'java/lang/ClassNotFoundException': javax/management/remote/rmi/RMIJRMPServerImpl$ExportedWrapper_Stub> (0x00000000d69a17b8) thrown at [C:\re\workspace\8-2-build-windows-amd64-cygwin\jdk8u212\12974\hotspot\src\share\vm\classfile\systemDiction
Event: 2.241 Thread 0x0000000002ad7000 Exception <a 'java/lang/NoSuchFieldError': method resolution failed> (0x00000000d6aed558) thrown at [C:\re\workspace\8-2-build-windows-amd64-cygwin\jdk8u212\12974\hotspot\src\share\vm\prims\methodHandles.cpp, line 1167]
Event: 2.243 Thread 0x0000000002ad7000 Exception <a 'java/lang/NoSuchFieldError': method resolution failed> (0x00000000d6afb7d0) thrown at [C:\re\workspace\8-2-build-windows-amd64-cygwin\jdk8u212\12974\hotspot\src\share\vm\prims\methodHandles.cpp, line 1167]

Events (10 events):
Event: 2.350 loading class java/lang/ProcessEnvironment$CheckedEntry done
Event: 2.350 loading class java/util/Collections$UnmodifiableMap$UnmodifiableEntrySet
Event: 2.350 loading class java/util/Collections$UnmodifiableMap$UnmodifiableEntrySet done
Event: 2.350 loading class java/util/Collections$UnmodifiableMap$UnmodifiableEntrySet$1
Event: 2.350 loading class java/util/Collections$UnmodifiableMap$UnmodifiableEntrySet$1 done
Event: 2.350 loading class java/util/Collections$UnmodifiableMap$UnmodifiableEntrySet$UnmodifiableEntry
Event: 2.350 loading class java/util/Collections$UnmodifiableMap$UnmodifiableEntrySet$UnmodifiableEntry done
Event: 2.351 loading class org/apache/logging/log4j/util/PropertySource$Util
Event: 2.351 loading class org/apache/logging/log4j/util/PropertySource$Util done
Event: 2.351 loading class java/util/regex/Pattern


Dynamic libraries:
0x00007ff7610a0000 - 0x00007ff7610d7000 	D:\Java\New Folder\bin\java.exe
0x00007ffc500c0000 - 0x00007ffc502a1000 	C:\WINDOWS\SYSTEM32\ntdll.dll
0x00007ffc4fc50000 - 0x00007ffc4fd01000 	C:\WINDOWS\System32\KERNEL32.DLL
0x00007ffc4c920000 - 0x00007ffc4cb93000 	C:\WINDOWS\System32\KERNELBASE.dll
0x00007ffc4fba0000 - 0x00007ffc4fc41000 	C:\WINDOWS\System32\ADVAPI32.dll
0x00007ffc4fb00000 - 0x00007ffc4fb9e000 	C:\WINDOWS\System32\msvcrt.dll
0x00007ffc4d550000 - 0x00007ffc4d5ab000 	C:\WINDOWS\System32\sechost.dll
0x00007ffc4f9c0000 - 0x00007ffc4fae4000 	C:\WINDOWS\System32\RPCRT4.dll
0x00007ffc4fd10000 - 0x00007ffc4fea0000 	C:\WINDOWS\System32\USER32.dll
0x00007ffc4c900000 - 0x00007ffc4c920000 	C:\WINDOWS\System32\win32u.dll
0x00007ffc4e000000 - 0x00007ffc4e028000 	C:\WINDOWS\System32\GDI32.dll
0x00007ffc4d3b0000 - 0x00007ffc4d541000 	C:\WINDOWS\System32\gdi32full.dll
0x00007ffc4c7e0000 - 0x00007ffc4c87f000 	C:\WINDOWS\System32\msvcp_win.dll
0x00007ffc4c6e0000 - 0x00007ffc4c7d8000 	C:\WINDOWS\System32\ucrtbase.dll
0x00007ffc38d20000 - 0x00007ffc38f89000 	C:\WINDOWS\WinSxS\amd64_microsoft.windows.common-controls_6595b64144ccf1df_6.0.17134.950_none_fb3da4273069d3e0\COMCTL32.dll
0x00007ffc4f4e0000 - 0x00007ffc4f802000 	C:\WINDOWS\System32\combase.dll
0x00007ffc4c880000 - 0x00007ffc4c8f9000 	C:\WINDOWS\System32\bcryptPrimitives.dll
0x00007ffc4dfd0000 - 0x00007ffc4dffd000 	C:\WINDOWS\System32\IMM32.DLL
0x00000000659b0000 - 0x0000000065a82000 	D:\Java\New Folder\jre\bin\msvcr100.dll
0x0000000065100000 - 0x00000000659a5000 	D:\Java\New Folder\jre\bin\server\jvm.dll
0x00007ffc4faf0000 - 0x00007ffc4faf8000 	C:\WINDOWS\System32\PSAPI.DLL
0x00007ffc3a430000 - 0x00007ffc3a439000 	C:\WINDOWS\SYSTEM32\WSOCK32.dll
0x00007ffc4a060000 - 0x00007ffc4a083000 	C:\WINDOWS\SYSTEM32\WINMM.dll
0x00007ffc4fea0000 - 0x00007ffc4ff0c000 	C:\WINDOWS\System32\WS2_32.dll
0x00007ffc3b8b0000 - 0x00007ffc3b8ba000 	C:\WINDOWS\SYSTEM32\VERSION.dll
0x00007ffc4a030000 - 0x00007ffc4a05a000 	C:\WINDOWS\SYSTEM32\WINMMBASE.dll
0x00007ffc4cc50000 - 0x00007ffc4cc99000 	C:\WINDOWS\System32\cfgmgr32.dll
0x00007ffc44380000 - 0x00007ffc4438f000 	D:\Java\New Folder\jre\bin\verify.dll
0x00007ffc36590000 - 0x00007ffc365b9000 	D:\Java\New Folder\jre\bin\java.dll
0x00007ffc33d40000 - 0x00007ffc33d63000 	D:\Java\New Folder\jre\bin\instrument.dll
0x00007ffc43850000 - 0x00007ffc43866000 	D:\Java\New Folder\jre\bin\zip.dll
0x00007ffc4e0a0000 - 0x00007ffc4f4e0000 	C:\WINDOWS\System32\SHELL32.dll
0x00007ffc4d710000 - 0x00007ffc4d7b9000 	C:\WINDOWS\System32\shcore.dll
0x00007ffc4cca0000 - 0x00007ffc4d3ad000 	C:\WINDOWS\System32\windows.storage.dll
0x00007ffc4df70000 - 0x00007ffc4dfc1000 	C:\WINDOWS\System32\shlwapi.dll
0x00007ffc4c450000 - 0x00007ffc4c461000 	C:\WINDOWS\System32\kernel.appcore.dll
0x00007ffc4c470000 - 0x00007ffc4c48f000 	C:\WINDOWS\System32\profapi.dll
0x00007ffc4c400000 - 0x00007ffc4c44c000 	C:\WINDOWS\System32\powrprof.dll
0x00007ffc4c3f0000 - 0x00007ffc4c3fa000 	C:\WINDOWS\System32\FLTLIB.DLL
0x00007ffc33d20000 - 0x00007ffc33d3a000 	D:\IntelliJ IDEA 2019.1.3\bin\breakgen64.dll
0x00007ffc3d4d0000 - 0x00007ffc3d4ea000 	D:\Java\New Folder\jre\bin\net.dll
0x00007ffc3c890000 - 0x00007ffc3ca59000 	C:\WINDOWS\SYSTEM32\urlmon.dll
0x00007ffc3cee0000 - 0x00007ffc3d186000 	C:\WINDOWS\SYSTEM32\iertutil.dll
0x00007ffc4bdc0000 - 0x00007ffc4bdcb000 	C:\WINDOWS\SYSTEM32\CRYPTBASE.DLL
0x00007ffc4bbf0000 - 0x00007ffc4bc56000 	C:\WINDOWS\system32\mswsock.dll
0x00007ffc4b980000 - 0x00007ffc4ba3e000 	C:\WINDOWS\SYSTEM32\DNSAPI.dll
0x00007ffc4e090000 - 0x00007ffc4e098000 	C:\WINDOWS\System32\NSI.dll
0x00007ffc4b940000 - 0x00007ffc4b978000 	C:\WINDOWS\SYSTEM32\IPHLPAPI.DLL
0x00007ffc41990000 - 0x00007ffc4199a000 	C:\Windows\System32\rasadhlp.dll
0x00007ffc41290000 - 0x00007ffc41302000 	C:\WINDOWS\System32\fwpuclnt.dll
0x00007ffc4bed0000 - 0x00007ffc4bef5000 	C:\WINDOWS\SYSTEM32\bcrypt.dll
0x00007ffc43620000 - 0x00007ffc4362d000 	D:\Java\New Folder\jre\bin\management.dll
0x00007ffc3d260000 - 0x00007ffc3d272000 	D:\Java\New Folder\jre\bin\nio.dll
0x00007ffc4bda0000 - 0x00007ffc4bdb7000 	C:\WINDOWS\SYSTEM32\CRYPTSP.dll
0x00007ffc4b7a0000 - 0x00007ffc4b7d3000 	C:\WINDOWS\system32\rsaenh.dll
0x00007ffc4c2d0000 - 0x00007ffc4c2f8000 	C:\WINDOWS\SYSTEM32\USERENV.dll
0x00007ffc43240000 - 0x00007ffc43256000 	C:\WINDOWS\SYSTEM32\dhcpcsvc6.DLL
0x00007ffc42ff0000 - 0x00007ffc4300a000 	C:\WINDOWS\SYSTEM32\dhcpcsvc.DLL
0x00007ffc315b0000 - 0x00007ffc315c6000 	C:\WINDOWS\system32\napinsp.dll
0x00007ffc31590000 - 0x00007ffc315aa000 	C:\WINDOWS\system32\pnrpnsp.dll
0x00007ffc48640000 - 0x00007ffc48659000 	C:\WINDOWS\system32\NLAapi.dll
0x00007ffc31680000 - 0x00007ffc3168e000 	C:\WINDOWS\System32\winrnr.dll
0x00007ffc43800000 - 0x00007ffc43815000 	C:\WINDOWS\System32\wshbth.dll

VM Arguments:
jvm_args: -XX:TieredStopAtLevel=1 -Xverify:none -Dspring.output.ansi.enabled=always -Dcom.sun.management.jmxremote -Dspring.jmx.enabled=true -Dspring.liveBeansView.mbeanDomain -Dspring.application.admin.enabled=true -javaagent:D:\IntelliJ IDEA 2019.1.3\lib\idea_rt.jar=56828:D:\IntelliJ IDEA 2019.1.3\bin -Dfile.encoding=UTF-8 
java_command: cn.kgc.helloworld11.Helloworld11Application
java_class_path (initial): D:\Java\New Folder\jre\lib\charsets.jar;D:\Java\New Folder\jre\lib\deploy.jar;D:\Java\New Folder\jre\lib\ext\access-bridge-64.jar;D:\Java\New Folder\jre\lib\ext\cldrdata.jar;D:\Java\New Folder\jre\lib\ext\dnsns.jar;D:\Java\New Folder\jre\lib\ext\jaccess.jar;D:\Java\New Folder\jre\lib\ext\jfxrt.jar;D:\Java\New Folder\jre\lib\ext\localedata.jar;D:\Java\New Folder\jre\lib\ext\nashorn.jar;D:\Java\New Folder\jre\lib\ext\sunec.jar;D:\Java\New Folder\jre\lib\ext\sunjce_provider.jar;D:\Java\New Folder\jre\lib\ext\sunmscapi.jar;D:\Java\New Folder\jre\lib\ext\sunpkcs11.jar;D:\Java\New Folder\jre\lib\ext\zipfs.jar;D:\Java\New Folder\jre\lib\javaws.jar;D:\Java\New Folder\jre\lib\jce.jar;D:\Java\New Folder\jre\lib\jfr.jar;D:\Java\New Folder\jre\lib\jfxswt.jar;D:\Java\New Folder\jre\lib\jsse.jar;D:\Java\New Folder\jre\lib\management-agent.jar;D:\Java\New Folder\jre\lib\plugin.jar;D:\Java\New Folder\jre\lib\resources.jar;D:\Java\New Folder\jre\lib\rt.jar;C:\Users\13548943514\IdeaProjects\helloworld11\target\classes;D:\Maven\LocalWarehouse\org\springframework\boot\spring-boot-devtools\2.0.8.RELEASE\spring-boot-devtools-2.0.8.RELEASE.jar;D:\Maven\LocalWarehouse\org\springframework\boot\spring-boot\2.0.8.RELEASE\spring-boot-2.0.8.RELEASE.jar;D:\Maven\LocalWarehouse\org\springframework\spring-context\5.0.12.RELEASE\spring-context-5.0.12.RELEASE.jar;D:\Maven\LocalWarehouse\org\springframework\boot\spring-boot-autoconfigure\2.0.8.RELEASE\spring-boot-autoconfigure-2.0.8.RELEASE.jar;D:\Maven\LocalWarehouse\org\webjars\jquery\3.3.1\jquery-3.3.1.jar;D:\Maven\LocalWarehouse\org\springframework\boot\spring-boot-starter-data-jpa\2.0.8.RELEASE\spring-boot-starter-data-jpa-2.0.8.RELEASE.jar;D:\Maven\LocalWarehouse\org\springframework\boot\spring-boot-starter\2.0.8.RELEASE\spring-boot-starter-2.0.8.RELEASE.jar;D:\Maven\LocalWarehouse\org\springframework\boot\spring-boot-starter-logging\2.0.8.RELEASE\spring-boot-starter-logging-2.0.8.RELEASE.jar;D:\Maven\LocalWarehouse
Launcher Type: SUN_STANDARD

Environment Variables:
JAVA_HOME=D:\Java\jdk-12.0.1
PATH=C:\Program Files (x86)\NetSarang\Xftp 6\;C:\Program Files (x86)\NetSarang\Xshell 6\;C:\Program Files (x86)\Common Files\Oracle\Java\javapath;D:\pracle\product\11.2.0\dbhome_1\bin;D:\redis;C:\WINDOWS\system32;C:\WINDOWS;C:\WINDOWS\System32\Wbem;C:\WINDOWS\System32\WindowsPowerShell\v1.0\;C:\Program Files\Intel\WiFi\bin\;C:\Program Files\Common Files\Intel\WirelessCommon\;C:\WINDOWS\System32\OpenSSH\;C:\Program Files (x86)\MySQL\MySQL Server 5.0\bin;D:\Java\jdk-12.0.1\bin;D:\Java\jdk-12.0.1\jre\bin;D:\apache-tomcat-9.0.21\bin;D:\apache-tomcat-9.0.21\lib;D:\Maven\apache-maven-3.5.4\bin;C:\Users\13548943514\AppData\Local\Microsoft\WindowsApps;;D:\IntelliJ IDEA 2019.1.3\bin;
USERNAME=13548943514
OS=Windows_NT
PROCESSOR_IDENTIFIER=Intel64 Family 6 Model 142 Stepping 9, GenuineIntel



---------------  S Y S T E M  ---------------

OS: Windows 10.0 , 64 bit Build 17134 (10.0.17134.753)

CPU:total 4 (initial active 4) (2 cores per cpu, 2 threads per core) family 6 model 142 stepping 9, cmov, cx8, fxsr, mmx, sse, sse2, sse3, ssse3, sse4.1, sse4.2, popcnt, avx, avx2, aes, clmul, erms, 3dnowpref, lzcnt, ht, tsc, tscinvbit, bmi1, bmi2, adx

Memory: 4k page, physical 8227852k(916952k free), swap 10173452k(536k free)

vm_info: Java HotSpot(TM) 64-Bit Server VM (25.212-b10) for windows-amd64 JRE (1.8.0_212-b10), built on Apr  1 2019 22:50:23 by "java_re" with MS VC++ 10.0 (VS2010)

time: Wed Sep 18 16:16:54 2019
timezone: 中国标准时间
elapsed time: 2 seconds (0d 0h 0m 2s)

